0 info it worked if it ends with ok
1 verbose cli [ 'C:\\Program Files (x86)\\nodejs\\\\node.exe',
1 verbose cli   'C:\\Program Files (x86)\\nodejs\\node_modules\\npm\\bin\\npm-cli.js',
1 verbose cli   'publish' ]
2 info using npm@2.10.1
3 info using node@v0.12.4
4 verbose publish [ '.' ]
5 silly cache add args [ '.', null ]
6 verbose cache add spec .
7 silly cache add parsed spec { raw: '.',
7 silly cache add   scope: null,
7 silly cache add   name: null,
7 silly cache add   rawSpec: '.',
7 silly cache add   spec: 'D:\\work\\my\\github\\image-quantization',
7 silly cache add   type: 'directory' }
8 verbose addLocalDirectory C:\Users\igorbz\AppData\Roaming\npm-cache\image-q\0.0.5\package.tgz not in flight; packing
9 verbose tar pack [ 'C:\\Users\\igorbz\\AppData\\Roaming\\npm-cache\\image-q\\0.0.5\\package.tgz',
9 verbose tar pack   'D:\\work\\my\\github\\image-quantization' ]
10 verbose tarball C:\Users\igorbz\AppData\Roaming\npm-cache\image-q\0.0.5\package.tgz
11 verbose folder D:\work\my\github\image-quantization
12 info prepublish image-q@0.0.5
13 verbose addLocalTarball adding from inside cache C:\Users\igorbz\AppData\Roaming\npm-cache\image-q\0.0.5\package.tgz
14 silly cache afterAdd image-q@0.0.5
15 verbose afterAdd C:\Users\igorbz\AppData\Roaming\npm-cache\image-q\0.0.5\package\package.json not in flight; writing
16 verbose afterAdd C:\Users\igorbz\AppData\Roaming\npm-cache\image-q\0.0.5\package\package.json written
17 silly publish { author: { name: 'Igor Bezkrovny' },
17 silly publish   name: 'image-q',
17 silly publish   version: '0.0.5',
17 silly publish   description: 'Image Quantization Library in **TypeScript** *(MIT Licensed)*',
17 silly publish   contributors: [],
17 silly publish   homepage: 'https://github.com/igor-bezkrovny/image-quantization',
17 silly publish   keywords:
17 silly publish    [ 'image',
17 silly publish      'palette',
17 silly publish      'quantization',
17 silly publish      'quantizer',
17 silly publish      'color',
17 silly publish      'neuquant',
17 silly publish      'rgbquant',
17 silly publish      'xiaolin wu',
17 silly publish      'cie94 distance',
17 silly publish      'ciede2000',
17 silly publish      'dithering',
17 silly publish      'floyd-steinberg' ],
17 silly publish   engines: { node: '>=0.9.0' },
17 silly publish   main: './_builds/node-iq.js',
17 silly publish   repository:
17 silly publish    { type: 'git',
17 silly publish      url: 'git+https://github.com/igor-bezkrovny/image-quantization.git' },
17 silly publish   bugs: { url: 'https://github.com/igor-bezkrovny/image-quantization/issues' },
17 silly publish   dependencies: {},
17 silly publish   preferGlobal: 'false',
17 silly publish   license: 'MIT',
17 silly publish   devDependencies: { typescript: '^1.5.0-beta' },
17 silly publish   readme: 'IQ.ts\r\n-----\r\nImage Quantization Library in **TypeScript** _(MIT Licensed)_\r\n![quantization](https://raw.githubusercontent.com/leeoniya/RgbQuant.js/master/quantization.png "quantization")\r\n\r\nIntroduction\r\n------------\r\nThis color quantization library was created because I was unable to find high-grade image quantization library with alpha support in TypeScript on the internet.\r\n \r\n[Online Demo](http://igor-bezkrovny.github.io/image-quantization-demo)  \r\n[Demo Source](https://github.com/igor-bezkrovny/igor-bezkrovny.github.io/image-quantization-demo)\r\n\r\nUsage\r\n-----\r\nAll usage is shown in JavaScript, it will be mostly the same for TypeScript. `img` should be valid already-loaded image.\r\n\r\n##### Load Image (simple example)\r\n```javascript\r\nvar img = document.createElement("img");\r\nimg.onload = function() {\r\n\t// image is loaded, here should be all code utilizing image\r\n\t...\r\n}\r\nimg.src = "http://pixabay.com/static/uploads/photo/2012/04/11/11/32/letter-a-27580_640.png"\r\n```\r\n\r\n##### Generate Palette   \r\n```javascript\r\n// desired colors count\r\nvar targetColors = 256;\r\n   \r\n// create pointContainer and fill it with image\r\nvar pointContainer = IQ.Utils.PointContainer.fromHTMLImageElement(img);\r\n\r\n// create chosen distance calculator (see classes implementing `IQ.IDistanceCalculator`)\r\nvar distanceCalculator = new IQ.Color.DistanceEuclidean();\r\n\r\n// create chosen palette quantizer (see classes implementing `IQ.IPaletteQuantizer`) \r\nvar paletteQuantizer = new IQ.Palette.RgbQuant(distanceCalculator, targetColors);\r\n\t\t\r\n// feed out pointContainer filled with image to paletteQuantizer\r\npaletteQuantizer.sample(pointContainer);\r\n\r\n... (you may sample more than one image to create mutual palette) \r\n\r\n// take generated palette\r\nvar palette = paletteQuantizer.quantize();\r\n```\r\n\r\n##### Apply Palette to Image (Image Dithering) \r\n```javascript\r\n// create image ditherer (see classes implementing `IQ.IImageDitherer`)\r\nvar imageDitherer = new IQ.Image.NearestColor(distanceCalculator);\r\n\r\n// take generated image using given palette \r\nvar resultPointContainer = imageQuantizer.quantize(pointContainer, palette);\r\n```\r\n\r\nYou may work with resultPointContainer directly or you may convert it to `Uint8Array`/`Uint32Array`\r\n```javascript\r\nvar uint8array = resultPointContainer.toUint8Array();\r\n```\r\n\r\nPalette Quantization Algorithms\r\n-------------------------------\r\n\r\nImage Quantization Library is based **RgbQuant** by Leon Sorokin and **NeuQuant** by Tim Oxley (see below).\r\n\r\n1. [RgbQuant (Leon Sorokin)](https://github.com/leeoniya/RgbQuant.js) `JavaScript`\r\n2. [NeuQuant (Johan Nordberg)](https://github.com/jnordberg/gif.js/blob/master/src/TypedNeuQuant.js) `TypeScript`\r\n3. [NeuQuant (Tim Oxley)](https://github.com/timoxley/neuquant) `JavaScript`\r\n4. [NeuQuant (Devon Govett)](https://github.com/devongovett/neuquant) `JavaScript`\r\n5. [NeuQuant32 (Stuart Coyle)](https://github.com/stuart/pngnq/blob/master/src/neuquant32.c) `C`\r\n6. [Xiaolin Wu (Xiaolin Wu)](http://www.ece.mcmaster.ca/~xwu/cq.c) `C` \r\n7. [Xiaolin Wu (Smart-K8)](http://www.codeproject.com/Articles/66341/A-Simple-Yet-Quite-Powerful-Palette-Quantizer-in-C) `C#`\r\n8. Xiaolin Wu w/ Alpha (Matt Wrock) [How to add Alpha](https://code.msdn.microsoft.com/windowsdesktop/Convert-32-bit-PNGs-to-81ef8c81/view/SourceCode#content), [Source Code](https://nquant.codeplex.com) `C#`\r\n9. [MedianCut (mwcz)](https://github.com/mwcz/median-cut-js) `GPLv3`\r\n> all NeuQuant implementations above are based on Anthony Dekker\'s implementation and thus needs to save his original copyright notice in the source code\r\n\r\nImage Quantization Algorithms\r\n-----------------------------\r\nImage Quantization Library supports **Error Diffusion dithering** and **Nearest Neighbour** methods. \r\n\r\n1. [All (ImageMagik doc)](http://www.imagemagick.org/Usage/quantize/#dither)\r\n2. [Error Diffusion dithering (Tanner Helland)](http://www.tannerhelland.com/4660/dithering-eleven-algorithms-source-code)\r\n3. [Riemersma dithering](http://www.compuphase.com/riemer.htm) `TODO: Check License`\r\n4. [Ordered dithering (Joel Yliluoma)](http://bisqwit.iki.fi/story/howto/dither/jy)\r\n\r\nColor Distance Formulas\r\n-----------------------\r\nImage Quantization Library supports: \r\n\r\n1. Euclidean Distance\r\n2. Manhattan Distance\r\n3. CIE94 Distance\r\n   - [Source Code (Iulius Curt)](https://github.com/iuliux/CIE94.js)\r\n4. CIEDE2000\r\n   - [Math and Test Data Table (PDF)](http://www.ece.rochester.edu/~gsharma/ciede2000/ciede2000noteCRNA.pdf) \r\n   - [Source Code (Greg Fiumara)](https://github.com/gfiumara/CIEDE2000) `C` \r\n5. Euclidean Distance w/o Alpha (RgbQuant)\r\n6. Euclidean Distance w/o sRGB coefficients (Xiaolin Wu Quant)  \r\n7. Manhattan Distance w/o sRGB coefficients (NeuQuant)\r\n8. [CMETRIC](http://www.compuphase.com/cmetric.htm) `DRAFT!`\r\n\r\nColor conversion formulas\r\n-------------------------\r\n1. [Pseudo-code](http://www.easyrgb.com/?X=MATH)\r\n\r\n> Be sure to fix rgb2xyz/xyz2lab. Issue is with strange part of code: `r = r > 0.04045 ? ...`. Check http://en.wikipedia.org/wiki/Lab_color_space   \r\n\r\nImage Quality Assessment\r\n------------------------\r\n\r\n1. [SSIM info](http://en.wikipedia.org/wiki/Structural_similarity)\r\n2. [SSIM (Rhys-e)](https://github.com/rhys-e/structural-similarity) `Java` `License: MIT`\r\n3. PSNR ? TBD\r\n4. MSE ? TBD\r\n\r\nOther\r\n-----\r\n\r\n1. [HUSL (Boronine) - info](http://www.husl-colors.org)\r\n2. [HUSL (Boronine) - code](https://github.com/husl-colors/husl)\r\n\r\nTODO\r\n----\r\n1. notification about progress\r\n2. riemersma dithering\r\n\r\nChangelog\r\n---------\r\n\r\n##### 0.0.5 (2015-06-16)\r\n+ PNGQUANT color distance added, need to check its quality\r\n+ CIEDE2000 and CIE94 fixed for use in NeuQuant\r\n+ NeuQuant is fixed according to original Anthony Dekker source code (all values should be integer) \r\n+ code refactoring and cleanup\r\n* We have some slowdown because of red/green/blue/alpha normalization according to white point per each calculateRaw/calculateNormalized call \r\n\r\n##### 0.0.4 (2015-06-15)\r\n+ CIEDE2000 color distance equation optimized (original CIEDE2000 equation is available as class `CIEDE2000_Original`) \r\n\r\n##### 0.0.3b (2015-06-11)\r\n+ CMETRIC color distance fixed\r\n\r\n##### 0.0.3a (2015-06-11)\r\n+ cleanup\r\n+ draft of CMETRIC color distance added\r\n\r\n##### 0.0.2 (2015-06-10)\r\n+ rgb2xyz & xyz2lab fixed. CIEDE2000 works much better now.\r\n+ CIE94 distance formula added. More investigation is needed.\r\n\r\n##### 0.0.1\r\n+ initial\r\n\r\nLicense\r\n-------\r\nLicense MIT [(NeuQuant use also forces to add it\'s copyright notice into source code)](./src/paletteQuantizers/neuquant/neuquant.ts)\r\n  \r\nCredits\r\n-------\r\nThanks to Leon Sorokin for information share and his original RgbQuant!\r\n\r\n',
17 silly publish   readmeFilename: 'README.md',
17 silly publish   gitHead: '8d97d121d6fc2302a133c89d32e4ae48f2dd4599',
17 silly publish   _id: 'image-q@0.0.5',
17 silly publish   scripts: {},
17 silly publish   _shasum: 'd2340b615bd1e2980ed05caef7822cd6b49e38f3',
17 silly publish   _from: '.' }
18 verbose getPublishConfig undefined
19 silly mapToRegistry name image-q
20 silly mapToRegistry using default registry
21 silly mapToRegistry registry https://registry.npmjs.org/
22 silly mapToRegistry uri https://registry.npmjs.org/image-q
23 verbose publish registryBase https://registry.npmjs.org/
24 silly publish uploading C:\Users\igorbz\AppData\Roaming\npm-cache\image-q\0.0.5\package.tgz
25 verbose request uri https://registry.npmjs.org/image-q
26 verbose request sending authorization for write operation
27 info attempt registry request try #1 at 7:16:23 PM
28 verbose request using bearer token for auth
29 verbose request id 5d22ed6da09ca2e3
30 http request PUT https://registry.npmjs.org/image-q
31 http 403 https://registry.npmjs.org/image-q
32 verbose headers { 'content-type': 'application/json',
32 verbose headers   'cache-control': 'max-age=60',
32 verbose headers   'content-length': '95',
32 verbose headers   'accept-ranges': 'bytes',
32 verbose headers   date: 'Tue, 16 Jun 2015 16:16:47 GMT',
32 verbose headers   via: '1.1 varnish',
32 verbose headers   connection: 'keep-alive',
32 verbose headers   'x-served-by': 'cache-fra1224-FRA',
32 verbose headers   'x-cache': 'MISS',
32 verbose headers   'x-cache-hits': '0',
32 verbose headers   'x-timer': 'S1434471396.292209,VS0,VE11343' }
33 verbose request invalidating C:\Users\igorbz\AppData\Roaming\npm-cache\registry.npmjs.org\image-q on PUT
34 error publish Failed PUT 403
35 verbose stack Error: "You cannot publish over the previously published version 0.0.5." : image-q
35 verbose stack     at CachingRegistryClient.<anonymous> (C:\Program Files (x86)\nodejs\node_modules\npm\node_modules\npm-registry-client\lib\request.js:247:14)
35 verbose stack     at Request._callback (C:\Program Files (x86)\nodejs\node_modules\npm\node_modules\npm-registry-client\lib\request.js:170:14)
35 verbose stack     at Request.self.callback (C:\Program Files (x86)\nodejs\node_modules\npm\node_modules\request\request.js:368:22)
35 verbose stack     at Request.emit (events.js:110:17)
35 verbose stack     at Request.<anonymous> (C:\Program Files (x86)\nodejs\node_modules\npm\node_modules\request\request.js:1219:14)
35 verbose stack     at Request.emit (events.js:129:20)
35 verbose stack     at IncomingMessage.<anonymous> (C:\Program Files (x86)\nodejs\node_modules\npm\node_modules\request\request.js:1167:12)
35 verbose stack     at IncomingMessage.emit (events.js:129:20)
35 verbose stack     at _stream_readable.js:908:16
35 verbose stack     at process._tickCallback (node.js:355:11)
36 verbose statusCode 403
37 verbose pkgid image-q
38 verbose cwd D:\work\my\github\image-quantization
39 error Windows_NT 6.3.9600
40 error argv "C:\\Program Files (x86)\\nodejs\\\\node.exe" "C:\\Program Files (x86)\\nodejs\\node_modules\\npm\\bin\\npm-cli.js" "publish"
41 error node v0.12.4
42 error npm  v2.10.1
43 error code E403
44 error "You cannot publish over the previously published version 0.0.5." : image-q
45 error If you need help, you may report this error at:
45 error     <https://github.com/npm/npm/issues>
46 verbose exit [ 1, true ]
